
2021-07-10 19:23:32.769 [warn]  Phoenix is unable to create symlinks. Phoenix' code reloader will run considerably faster if symlinks are allowed. On Windows, the lack of symlinks may even cause empty assets to be served. Luckily, you can address this issue by starting your Windows terminal at least once with "Run as Administrator" and then running your Phoenix application.

2021-07-10 19:23:32.965 [info]  Running TanphatWeb.Endpoint with cowboy 2.9.0 at 0.0.0.0:8000 (http)

2021-07-10 19:23:32.965 [info]  Access TanphatWeb.Endpoint at http://localhost:8000

2021-07-10 19:23:33.493 [debug] [:nonode@nohost][Elixir.Quantum.JobBroadcaster] Loading Initial Jobs from Config

2021-07-10 19:24:16.081 [info]  GET /

2021-07-10 19:24:16.107 [debug] Processing with Phoenix.LiveView.Plug.home_index/2
  Parameters: %{}
  Pipelines: [:browser]

2021-07-10 19:24:16.159 [info]  Sent 200 in 78ms

2021-07-10 19:24:17.233 [info]  CONNECTED TO Phoenix.LiveView.Socket in 0µs
  Transport: :websocket
  Serializer: Phoenix.Socket.V2.JSONSerializer
  Parameters: %{"_csrf_token" => "GEsGHDh4XQEfFksyUwliEBQscDpjBhsJ_3DW_IjiOg3J5VZGpc6HN3rl", "_mounts" => "0", "_track_static" => %{"0" => "http://localhost:8000/css/app.css", "1" => "http://localhost:8000/js/app.js"}, "vsn" => "2.0.0"}

2021-07-10 19:24:20.884 [debug] QUERY OK source="topic" db=31.0ms queue=32.0ms idle=1047.0ms
SELECT count('*') FROM "topic" AS t0 WHERE (t0."topic_id" = $1) [3]

2021-07-10 19:24:20.952 [debug] QUERY OK source="topic" db=15.0ms queue=32.0ms idle=1125.0ms
SELECT t0."id", t0."title", t0."inner_html", t0."title_en", t0."inner_html_en", t0."url", t0."like", t0."dislike", t0."topic_id", t0."inserted_at", t0."updated_at" FROM "topic" AS t0 WHERE (t0."topic_id" = $1) ORDER BY t0."like" DESC, t0."updated_at" DESC LIMIT $2 OFFSET $3 [3, 3, 0]

2021-07-10 19:24:21.499 [debug] Data from Yahoo Finance: {"snp_gsci_crude_oil_price_24h_change":"+1.69","euro50_index_price":"92.99","snp_wci_price_24h_change":"+4.76","snp_gsci_gas_per_price":"273.03","snp_gsci_light_energy_price":"482.36","snp_gsci_precious_metals_rate_24h_change":"+0.62%","euro50_index_rate_24h_change":"+0.43%","nikkei255_index_price":"27,940.42","snp_gsci_enhanced_commodity_ind_price_24h_change":"+4.20","__meta__":{"state":"loaded","source":"global_and_commodity_index","schema":"Elixir.GlobalAndCommodityIndex","prefix":null,"context":null},"dj_commodity_index_tr_price":"339.87","snp_wci_rate_24h_change":"+1.66%","snp_gsci_gold_price":"1,808.60","dj_commodity_index_tr_price_24h_change":"+3.71","dji_index_price":"34,870.16","dj_commodity_index_price_24h_change":"+9.09","nikkei255_index_price_24h_change":"-177.61","snp_gsci_tr_price_24h_change":"+36.24","nikkei255_index_rate_24h_change":"-0.63%","nasdaq100_index_price":"14,826.09","nasdaq100_index_price_24h_change":"+103.96","inserted_at":"2021-07-10T04:24:32","dj_commodity_index_tr_rate_24h_change":"+1.10%","dji_index_price_24h_change":"+448.23","snp_gsci_industrial_metals_price_24h_change":"+9.71","snp_wci_price":"291.84","snp_gsci_gold_rate_24h_change":"+0.47%","dj_commodity_index_price":"887.05","snp_gsci_enhanced_commodity_ind_rate_24h_change":"+1.43%","euro50_index_price_24h_change":"+0.40","snp_gsci_agri_price":"439.95","snp500_index_price_24h_change":"+48.73","dji_index_rate_24h_change":"+1.30%","ftse100_index_rate_24h_change":"+1.30%","snp_gsci_gas_per_price_24h_change":"+8.03","id":2,"snp_gsci_agri_price_24h_change":"-1.30","snp500_index_price":"4,369.55","snp_gsci_industrial_metals_rate_24h_change":"+2.14%","snp_gsci_gold_price_24h_change":"+8.40","updated_at":"2021-07-10T04:24:32","dj_commodity_index_rate_24h_change":"+1.04%","nasdaq100_index_rate_24h_change":"+0.71%","snp_gsci_light_energy_price_24h_change":"+4.28","snp500_index_rate_24h_change":"+1.13%","snp_gsci_light_energy_rate_24h_change":"+0.89%","snp_gsci_tr_rate_24h_change":"+1.42%","snp_gsci_crude_oil_rate_24h_change":"+2.32%","snp_gsci_precious_metals_price":"223.34","ftse100_index_price":"7,121.88","snp_gsci_agri_rate_24h_change":"-0.30%","snp_gsci_gas_per_rate_24h_change":"+3.03%","snp_gsci_crude_oil_price":"74.63","ftse100_index_price_24h_change":"+91.22","snp_gsci_industrial_metals_price":"463.30","snp_gsci_precious_metals_price_24h_change":"+1.37","snp_gsci_enhanced_commodity_ind_price":"297.81","snp_gsci_tr_price":"2,583.98"}

2021-07-10 19:30:47.376 [warn]  Phoenix is unable to create symlinks. Phoenix' code reloader will run considerably faster if symlinks are allowed. On Windows, the lack of symlinks may even cause empty assets to be served. Luckily, you can address this issue by starting your Windows terminal at least once with "Run as Administrator" and then running your Phoenix application.

2021-07-10 19:30:47.443 [info]  Running TanphatWeb.Endpoint with cowboy 2.9.0 at 0.0.0.0:8000 (http)

2021-07-10 19:30:47.481 [info]  Access TanphatWeb.Endpoint at http://localhost:8000

2021-07-10 19:30:47.638 [debug] [:nonode@nohost][Elixir.Quantum.JobBroadcaster] Loading Initial Jobs from Config

2021-07-10 19:30:50.723 [debug] Live reload: priv/static/js/app.js

2021-07-10 19:30:50.741 [debug] Live reload: priv/static/css/app.css

2021-07-10 19:30:50.758 [debug] Live reload: priv/static/images/artical.png

2021-07-10 19:30:50.772 [debug] Live reload: priv/static/images/bitcoin.png

2021-07-10 19:30:50.783 [debug] Live reload: priv/static/images/api.png

2021-07-10 19:30:50.786 [debug] Live reload: priv/static/images/code.png

2021-07-10 19:30:50.789 [debug] Live reload: priv/static/js/app.js

2021-07-10 19:30:50.790 [debug] Live reload: priv/static/images/books.png

2021-07-10 19:30:50.792 [debug] Live reload: priv/static/images/stock_exchange.png

2021-07-10 19:30:50.793 [debug] Live reload: priv/static/images/thumb-down.png

2021-07-10 19:30:50.811 [debug] Live reload: priv/static/images/home.png

2021-07-10 19:30:50.823 [debug] Live reload: priv/static/images/thumb-up.png

2021-07-10 19:30:50.837 [debug] Live reload: priv/static/images/topic.png

2021-07-10 19:30:50.871 [debug] Live reload: priv/static/css/app.css

2021-07-10 19:30:50.877 [debug] Live reload: priv/static/images/artical.png

2021-07-10 19:30:50.878 [debug] Live reload: priv/static/images/bitcoin.png

2021-07-10 19:30:50.879 [debug] Live reload: priv/static/images/me.png

2021-07-10 19:30:50.880 [debug] Live reload: priv/static/images/api.png

2021-07-10 19:30:50.889 [debug] Live reload: priv/static/images/usa.png

2021-07-10 19:30:50.890 [debug] Live reload: priv/static/images/code.png

2021-07-10 19:30:50.891 [debug] Live reload: priv/static/images/books.png

2021-07-10 19:30:50.892 [debug] Live reload: priv/static/images/stock_exchange.png

2021-07-10 19:30:50.893 [debug] Live reload: priv/static/images/thumb-down.png

2021-07-10 19:30:50.895 [debug] Live reload: priv/static/images/home.png

2021-07-10 19:30:50.896 [debug] Live reload: priv/static/images/topic.png

2021-07-10 19:30:50.909 [debug] Live reload: priv/static/images/thumb-up.png

2021-07-10 19:30:50.913 [debug] Live reload: priv/static/images/utitlities.png

2021-07-10 19:30:50.918 [debug] Live reload: priv/static/images/me.png

2021-07-10 19:30:50.924 [debug] Live reload: priv/static/images/usa.png

2021-07-10 19:30:50.925 [debug] Live reload: priv/static/images/vietnam.png

2021-07-10 19:30:50.927 [debug] Live reload: priv/static/images/utitlities.png

2021-07-10 19:30:50.928 [debug] Live reload: priv/static/images/bitcoin_shortcut.png

2021-07-10 19:30:50.929 [debug] Live reload: priv/static/images/vietnam.png

2021-07-10 19:30:50.933 [debug] Live reload: priv/static/images/bitcoin_shortcut.png

2021-07-10 19:30:51.717 [info]  CONNECTED TO Phoenix.LiveView.Socket in 0µs
  Transport: :websocket
  Serializer: Phoenix.Socket.V2.JSONSerializer
  Parameters: %{"_csrf_token" => "GEsGHDh4XQEfFksyUwliEBQscDpjBhsJ_3DW_IjiOg3J5VZGpc6HN3rl", "_mounts" => "0", "_track_static" => %{"0" => "http://localhost:8000/css/app.css", "1" => "http://localhost:8000/js/app.js"}, "vsn" => "2.0.0"}

2021-07-10 19:30:52.037 [debug] QUERY OK source="topic" db=16.0ms decode=31.0ms queue=31.0ms idle=719.0ms
SELECT count('*') FROM "topic" AS t0 WHERE (t0."topic_id" = $1) [3]

2021-07-10 19:30:52.152 [debug] QUERY OK source="topic" db=31.0ms queue=31.0ms idle=875.0ms
SELECT t0."id", t0."title", t0."inner_html", t0."title_en", t0."inner_html_en", t0."url", t0."like", t0."dislike", t0."topic_id", t0."inserted_at", t0."updated_at" FROM "topic" AS t0 WHERE (t0."topic_id" = $1) ORDER BY t0."like" DESC, t0."updated_at" DESC LIMIT $2 OFFSET $3 [3, 3, 0]

2021-07-10 19:30:52.244 [info]  GET /css/app.css

2021-07-10 19:30:52.244 [info]  GET /css/app.css

2021-07-10 19:30:52.293 [info]  GET /stock-exchange

2021-07-10 19:30:52.334 [info]  Sent 200 in 94ms

2021-07-10 19:30:52.337 [info]  Sent 200 in 94ms

2021-07-10 19:30:53.151 [debug] Data from Yahoo Finance: {"snp_gsci_crude_oil_price_24h_change":"+1.69","euro50_index_price":"92.99","snp_wci_price_24h_change":"+4.76","snp_gsci_gas_per_price":"273.03","snp_gsci_light_energy_price":"482.36","snp_gsci_precious_metals_rate_24h_change":"+0.62%","euro50_index_rate_24h_change":"+0.43%","nikkei255_index_price":"27,940.42","snp_gsci_enhanced_commodity_ind_price_24h_change":"+4.20","__meta__":{"state":"loaded","source":"global_and_commodity_index","schema":"Elixir.GlobalAndCommodityIndex","prefix":null,"context":null},"dj_commodity_index_tr_price":"339.87","snp_wci_rate_24h_change":"+1.66%","snp_gsci_gold_price":"1,808.60","dj_commodity_index_tr_price_24h_change":"+3.71","dji_index_price":"34,870.16","dj_commodity_index_price_24h_change":"+9.09","nikkei255_index_price_24h_change":"-177.61","snp_gsci_tr_price_24h_change":"+36.24","nikkei255_index_rate_24h_change":"-0.63%","nasdaq100_index_price":"14,826.09","nasdaq100_index_price_24h_change":"+103.96","inserted_at":"2021-07-10T04:24:32","dj_commodity_index_tr_rate_24h_change":"+1.10%","dji_index_price_24h_change":"+448.23","snp_gsci_industrial_metals_price_24h_change":"+9.71","snp_wci_price":"291.84","snp_gsci_gold_rate_24h_change":"+0.47%","dj_commodity_index_price":"887.05","snp_gsci_enhanced_commodity_ind_rate_24h_change":"+1.43%","euro50_index_price_24h_change":"+0.40","snp_gsci_agri_price":"439.95","snp500_index_price_24h_change":"+48.73","dji_index_rate_24h_change":"+1.30%","ftse100_index_rate_24h_change":"+1.30%","snp_gsci_gas_per_price_24h_change":"+8.03","id":2,"snp_gsci_agri_price_24h_change":"-1.30","snp500_index_price":"4,369.55","snp_gsci_industrial_metals_rate_24h_change":"+2.14%","snp_gsci_gold_price_24h_change":"+8.40","updated_at":"2021-07-10T04:24:32","dj_commodity_index_rate_24h_change":"+1.04%","nasdaq100_index_rate_24h_change":"+0.71%","snp_gsci_light_energy_price_24h_change":"+4.28","snp500_index_rate_24h_change":"+1.13%","snp_gsci_light_energy_rate_24h_change":"+0.89%","snp_gsci_tr_rate_24h_change":"+1.42%","snp_gsci_crude_oil_rate_24h_change":"+2.32%","snp_gsci_precious_metals_price":"223.34","ftse100_index_price":"7,121.88","snp_gsci_agri_rate_24h_change":"-0.30%","snp_gsci_gas_per_rate_24h_change":"+3.03%","snp_gsci_crude_oil_price":"74.63","ftse100_index_price_24h_change":"+91.22","snp_gsci_industrial_metals_price":"463.30","snp_gsci_precious_metals_price_24h_change":"+1.37","snp_gsci_enhanced_commodity_ind_price":"297.81","snp_gsci_tr_price":"2,583.98"}

2021-07-10 19:30:53.321 [info]  GET /stock-exchange

2021-07-10 19:30:53.495 [debug] Processing with Phoenix.LiveView.Plug.stock_exchange/2
  Parameters: %{}
  Pipelines: [:browser]

2021-07-10 19:30:53.626 [debug] QUERY OK source="topic" db=47.0ms idle=485.0ms
SELECT count('*') FROM "topic" AS t0 WHERE (t0."topic_id" = $1) [3]

2021-07-10 19:30:53.691 [debug] QUERY OK source="topic" db=62.0ms idle=375.0ms
SELECT t0."id", t0."title", t0."inner_html", t0."title_en", t0."inner_html_en", t0."url", t0."like", t0."dislike", t0."topic_id", t0."inserted_at", t0."updated_at" FROM "topic" AS t0 WHERE (t0."topic_id" = $1) ORDER BY t0."like" DESC, t0."updated_at" DESC LIMIT $2 OFFSET $3 [3, 3, 0]

2021-07-10 19:30:53.726 [debug] Data from Yahoo Finance: {"snp_gsci_crude_oil_price_24h_change":"+1.69","euro50_index_price":"92.99","snp_wci_price_24h_change":"+4.76","snp_gsci_gas_per_price":"273.03","snp_gsci_light_energy_price":"482.36","snp_gsci_precious_metals_rate_24h_change":"+0.62%","euro50_index_rate_24h_change":"+0.43%","nikkei255_index_price":"27,940.42","snp_gsci_enhanced_commodity_ind_price_24h_change":"+4.20","__meta__":{"state":"loaded","source":"global_and_commodity_index","schema":"Elixir.GlobalAndCommodityIndex","prefix":null,"context":null},"dj_commodity_index_tr_price":"339.87","snp_wci_rate_24h_change":"+1.66%","snp_gsci_gold_price":"1,808.60","dj_commodity_index_tr_price_24h_change":"+3.71","dji_index_price":"34,870.16","dj_commodity_index_price_24h_change":"+9.09","nikkei255_index_price_24h_change":"-177.61","snp_gsci_tr_price_24h_change":"+36.24","nikkei255_index_rate_24h_change":"-0.63%","nasdaq100_index_price":"14,826.09","nasdaq100_index_price_24h_change":"+103.96","inserted_at":"2021-07-10T04:24:32","dj_commodity_index_tr_rate_24h_change":"+1.10%","dji_index_price_24h_change":"+448.23","snp_gsci_industrial_metals_price_24h_change":"+9.71","snp_wci_price":"291.84","snp_gsci_gold_rate_24h_change":"+0.47%","dj_commodity_index_price":"887.05","snp_gsci_enhanced_commodity_ind_rate_24h_change":"+1.43%","euro50_index_price_24h_change":"+0.40","snp_gsci_agri_price":"439.95","snp500_index_price_24h_change":"+48.73","dji_index_rate_24h_change":"+1.30%","ftse100_index_rate_24h_change":"+1.30%","snp_gsci_gas_per_price_24h_change":"+8.03","id":2,"snp_gsci_agri_price_24h_change":"-1.30","snp500_index_price":"4,369.55","snp_gsci_industrial_metals_rate_24h_change":"+2.14%","snp_gsci_gold_price_24h_change":"+8.40","updated_at":"2021-07-10T04:24:32","dj_commodity_index_rate_24h_change":"+1.04%","nasdaq100_index_rate_24h_change":"+0.71%","snp_gsci_light_energy_price_24h_change":"+4.28","snp500_index_rate_24h_change":"+1.13%","snp_gsci_light_energy_rate_24h_change":"+0.89%","snp_gsci_tr_rate_24h_change":"+1.42%","snp_gsci_crude_oil_rate_24h_change":"+2.32%","snp_gsci_precious_metals_price":"223.34","ftse100_index_price":"7,121.88","snp_gsci_agri_rate_24h_change":"-0.30%","snp_gsci_gas_per_rate_24h_change":"+3.03%","snp_gsci_crude_oil_price":"74.63","ftse100_index_price_24h_change":"+91.22","snp_gsci_industrial_metals_price":"463.30","snp_gsci_precious_metals_price_24h_change":"+1.37","snp_gsci_enhanced_commodity_ind_price":"297.81","snp_gsci_tr_price":"2,583.98"}

2021-07-10 19:30:53.755 [info]  Sent 200 in 438ms

2021-07-10 19:30:53.755 [info]  Sent 200 in 1469ms

2021-07-10 19:30:53.905 [info]  GET /css/app.css

2021-07-10 19:30:53.941 [info]  Sent 200 in 47ms

2021-07-10 19:30:53.943 [info]  GET /js/app.js

2021-07-10 19:30:53.959 [info]  Sent 200 in 16ms

2021-07-10 19:30:54.175 [info]  GET /images/bitcoin_shortcut.png

2021-07-10 19:30:54.176 [info]  Sent 200 in 0µs

2021-07-10 19:30:54.296 [info]  GET /phoenix/live_reload/frame

2021-07-10 19:30:54.296 [info]  Sent 200 in 0µs

2021-07-10 19:30:54.975 [info]  CONNECTED TO Phoenix.LiveView.Socket in 0µs
  Transport: :websocket
  Serializer: Phoenix.Socket.V2.JSONSerializer
  Parameters: %{"_csrf_token" => "Nz0XOy5XXi4fAgwuHjZ7DjAlChYdAl8_pEUpIfiFOstVxiCYTjLd076Z", "_mounts" => "0", "_track_static" => %{"0" => "http://localhost:8000/css/app.css", "1" => "http://localhost:8000/js/app.js"}, "vsn" => "2.0.0"}

2021-07-10 19:30:55.072 [debug] QUERY OK source="topic" db=63.0ms idle=1734.0ms
SELECT count('*') FROM "topic" AS t0 WHERE (t0."topic_id" = $1) [3]

2021-07-10 19:30:55.143 [debug] QUERY OK source="topic" db=46.0ms idle=1844.0ms
SELECT t0."id", t0."title", t0."inner_html", t0."title_en", t0."inner_html_en", t0."url", t0."like", t0."dislike", t0."topic_id", t0."inserted_at", t0."updated_at" FROM "topic" AS t0 WHERE (t0."topic_id" = $1) ORDER BY t0."like" DESC, t0."updated_at" DESC LIMIT $2 OFFSET $3 [3, 3, 0]

2021-07-10 19:30:55.181 [debug] Data from Yahoo Finance: {"snp_gsci_crude_oil_price_24h_change":"+1.69","euro50_index_price":"92.99","snp_wci_price_24h_change":"+4.76","snp_gsci_gas_per_price":"273.03","snp_gsci_light_energy_price":"482.36","snp_gsci_precious_metals_rate_24h_change":"+0.62%","euro50_index_rate_24h_change":"+0.43%","nikkei255_index_price":"27,940.42","snp_gsci_enhanced_commodity_ind_price_24h_change":"+4.20","__meta__":{"state":"loaded","source":"global_and_commodity_index","schema":"Elixir.GlobalAndCommodityIndex","prefix":null,"context":null},"dj_commodity_index_tr_price":"339.87","snp_wci_rate_24h_change":"+1.66%","snp_gsci_gold_price":"1,808.60","dj_commodity_index_tr_price_24h_change":"+3.71","dji_index_price":"34,870.16","dj_commodity_index_price_24h_change":"+9.09","nikkei255_index_price_24h_change":"-177.61","snp_gsci_tr_price_24h_change":"+36.24","nikkei255_index_rate_24h_change":"-0.63%","nasdaq100_index_price":"14,826.09","nasdaq100_index_price_24h_change":"+103.96","inserted_at":"2021-07-10T04:24:32","dj_commodity_index_tr_rate_24h_change":"+1.10%","dji_index_price_24h_change":"+448.23","snp_gsci_industrial_metals_price_24h_change":"+9.71","snp_wci_price":"291.84","snp_gsci_gold_rate_24h_change":"+0.47%","dj_commodity_index_price":"887.05","snp_gsci_enhanced_commodity_ind_rate_24h_change":"+1.43%","euro50_index_price_24h_change":"+0.40","snp_gsci_agri_price":"439.95","snp500_index_price_24h_change":"+48.73","dji_index_rate_24h_change":"+1.30%","ftse100_index_rate_24h_change":"+1.30%","snp_gsci_gas_per_price_24h_change":"+8.03","id":2,"snp_gsci_agri_price_24h_change":"-1.30","snp500_index_price":"4,369.55","snp_gsci_industrial_metals_rate_24h_change":"+2.14%","snp_gsci_gold_price_24h_change":"+8.40","updated_at":"2021-07-10T04:24:32","dj_commodity_index_rate_24h_change":"+1.04%","nasdaq100_index_rate_24h_change":"+0.71%","snp_gsci_light_energy_price_24h_change":"+4.28","snp500_index_rate_24h_change":"+1.13%","snp_gsci_light_energy_rate_24h_change":"+0.89%","snp_gsci_tr_rate_24h_change":"+1.42%","snp_gsci_crude_oil_rate_24h_change":"+2.32%","snp_gsci_precious_metals_price":"223.34","ftse100_index_price":"7,121.88","snp_gsci_agri_rate_24h_change":"-0.30%","snp_gsci_gas_per_rate_24h_change":"+3.03%","snp_gsci_crude_oil_price":"74.63","ftse100_index_price_24h_change":"+91.22","snp_gsci_industrial_metals_price":"463.30","snp_gsci_precious_metals_price_24h_change":"+1.37","snp_gsci_enhanced_commodity_ind_price":"297.81","snp_gsci_tr_price":"2,583.98"}

2021-07-10 19:30:55.222 [info]  GET /images/home.png

2021-07-10 19:30:55.225 [info]  Sent 200 in 0µs

2021-07-10 19:30:55.235 [info]  GET /images/usa.png

2021-07-10 19:30:55.237 [info]  Sent 200 in 0µs

2021-07-10 19:30:55.237 [info]  GET /images/vietnam.png

2021-07-10 19:30:55.238 [info]  Sent 200 in 0µs

2021-07-10 19:30:55.268 [info]  GET /images/code.png

2021-07-10 19:30:55.269 [info]  GET /images/api.png

2021-07-10 19:30:55.270 [info]  GET /images/stock_exchange.png

2021-07-10 19:30:55.273 [info]  Sent 200 in 0µs

2021-07-10 19:30:55.273 [info]  Sent 200 in 0µs

2021-07-10 19:30:55.273 [info]  Sent 200 in 0µs

2021-07-10 19:30:55.279 [info]  GET /images/artical.png

2021-07-10 19:30:55.280 [info]  Sent 200 in 0µs

2021-07-10 19:30:55.284 [info]  GET /images/utitlities.png

2021-07-10 19:30:55.285 [info]  GET /images/books.png

2021-07-10 19:30:55.286 [info]  Sent 200 in 0µs

2021-07-10 19:30:55.287 [info]  Sent 200 in 0µs

2021-07-10 19:30:55.337 [info]  GET /images/me.png

2021-07-10 19:30:55.339 [info]  Sent 200 in 0µs

2021-07-10 19:30:55.359 [info]  GET /images/topic.png

2021-07-10 19:30:55.360 [info]  Sent 200 in 15ms

2021-07-10 19:30:55.372 [info]  GET /images/thumb-up.png

2021-07-10 19:30:55.373 [info]  GET /images/thumb-down.png

2021-07-10 19:30:55.821 [info]  Sent 200 in 0µs

2021-07-10 19:30:55.824 [info]  Sent 200 in 0µs

2021-07-10 19:30:55.901 [info]  GET /images/bitcoin_shortcut.png

2021-07-10 19:30:55.902 [info]  Sent 200 in 0µs

2021-07-10 19:40:46.905 [debug] Live reload: .elixir_ls/build/_test/lib/tanphat/priv/static/css/app.css

2021-07-10 19:40:46.905 [debug] Live reload: .elixir_ls/build/_test/lib/tanphat/priv/static/css/app.css

2021-07-10 19:40:46.908 [debug] Live reload: .elixir_ls/build/_test/lib/tanphat/priv/static/css/app.css

2021-07-10 19:40:46.921 [debug] Live reload: .elixir_ls/build/_test/lib/tanphat/priv/static/images/api.png

2021-07-10 19:40:46.921 [debug] Live reload: .elixir_ls/build/_test/lib/tanphat/priv/static/images/api.png

2021-07-10 19:40:46.929 [debug] Live reload: .elixir_ls/build/_test/lib/tanphat/priv/static/images/api.png

2021-07-10 19:40:46.932 [debug] Live reload: .elixir_ls/build/_test/lib/tanphat/priv/static/images/artical.png

2021-07-10 19:40:46.932 [debug] Live reload: .elixir_ls/build/_test/lib/tanphat/priv/static/images/artical.png

2021-07-10 19:40:46.940 [debug] Live reload: .elixir_ls/build/_test/lib/tanphat/priv/static/images/artical.png

2021-07-10 19:40:46.944 [debug] Live reload: .elixir_ls/build/_test/lib/tanphat/priv/static/images/bitcoin.png

2021-07-10 19:40:46.944 [debug] Live reload: .elixir_ls/build/_test/lib/tanphat/priv/static/images/bitcoin.png

2021-07-10 19:40:46.952 [debug] Live reload: .elixir_ls/build/_test/lib/tanphat/priv/static/images/bitcoin.png

2021-07-10 19:40:46.959 [debug] Live reload: .elixir_ls/build/_test/lib/tanphat/priv/static/images/bitcoin_shortcut.png

2021-07-10 19:40:46.959 [debug] Live reload: .elixir_ls/build/_test/lib/tanphat/priv/static/images/bitcoin_shortcut.png

2021-07-10 19:40:46.967 [debug] Live reload: .elixir_ls/build/_test/lib/tanphat/priv/static/images/bitcoin_shortcut.png

2021-07-10 19:40:46.970 [debug] Live reload: .elixir_ls/build/_test/lib/tanphat/priv/static/images/books.png

2021-07-10 19:40:46.970 [debug] Live reload: .elixir_ls/build/_test/lib/tanphat/priv/static/images/books.png

2021-07-10 19:40:46.978 [debug] Live reload: .elixir_ls/build/_test/lib/tanphat/priv/static/images/books.png

2021-07-10 19:40:46.982 [debug] Live reload: .elixir_ls/build/_test/lib/tanphat/priv/static/images/code.png

2021-07-10 19:40:46.983 [debug] Live reload: .elixir_ls/build/_test/lib/tanphat/priv/static/images/code.png

2021-07-10 19:40:46.990 [debug] Live reload: .elixir_ls/build/_test/lib/tanphat/priv/static/images/code.png

2021-07-10 19:40:46.998 [debug] Live reload: .elixir_ls/build/_test/lib/tanphat/priv/static/images/home.png

2021-07-10 19:40:46.999 [debug] Live reload: .elixir_ls/build/_test/lib/tanphat/priv/static/images/home.png

2021-07-10 19:40:47.006 [debug] Live reload: .elixir_ls/build/_test/lib/tanphat/priv/static/images/home.png

2021-07-10 19:40:47.011 [debug] Live reload: .elixir_ls/build/_test/lib/tanphat/priv/static/images/me.png

2021-07-10 19:40:47.011 [debug] Live reload: .elixir_ls/build/_test/lib/tanphat/priv/static/images/me.png

2021-07-10 19:40:47.019 [debug] Live reload: .elixir_ls/build/_test/lib/tanphat/priv/static/images/me.png

2021-07-10 19:40:47.029 [debug] Live reload: .elixir_ls/build/_test/lib/tanphat/priv/static/images/stock_exchange.png

2021-07-10 19:40:47.029 [debug] Live reload: .elixir_ls/build/_test/lib/tanphat/priv/static/images/stock_exchange.png

2021-07-10 19:40:47.037 [debug] Live reload: .elixir_ls/build/_test/lib/tanphat/priv/static/images/stock_exchange.png

2021-07-10 19:40:47.040 [debug] Live reload: .elixir_ls/build/_test/lib/tanphat/priv/static/images/thumb-down.png

2021-07-10 19:40:47.041 [debug] Live reload: .elixir_ls/build/_test/lib/tanphat/priv/static/images/thumb-down.png

2021-07-10 19:40:47.049 [debug] Live reload: .elixir_ls/build/_test/lib/tanphat/priv/static/images/thumb-down.png

2021-07-10 19:40:47.052 [debug] Live reload: .elixir_ls/build/_test/lib/tanphat/priv/static/images/thumb-up.png

2021-07-10 19:40:47.053 [debug] Live reload: .elixir_ls/build/_test/lib/tanphat/priv/static/images/thumb-up.png

2021-07-10 19:40:47.060 [debug] Live reload: .elixir_ls/build/_test/lib/tanphat/priv/static/images/thumb-up.png

2021-07-10 19:40:47.065 [debug] Live reload: .elixir_ls/build/_test/lib/tanphat/priv/static/images/topic.png

2021-07-10 19:40:47.065 [debug] Live reload: .elixir_ls/build/_test/lib/tanphat/priv/static/images/topic.png

2021-07-10 19:40:47.068 [debug] Live reload: .elixir_ls/build/_test/lib/tanphat/priv/static/images/topic.png

2021-07-10 19:40:47.073 [debug] Live reload: .elixir_ls/build/_test/lib/tanphat/priv/static/images/usa.png

2021-07-10 19:40:47.074 [debug] Live reload: .elixir_ls/build/_test/lib/tanphat/priv/static/images/usa.png

2021-07-10 19:40:47.081 [debug] Live reload: .elixir_ls/build/_test/lib/tanphat/priv/static/images/usa.png

2021-07-10 19:40:47.085 [debug] Live reload: .elixir_ls/build/_test/lib/tanphat/priv/static/images/utitlities.png

2021-07-10 19:40:47.086 [debug] Live reload: .elixir_ls/build/_test/lib/tanphat/priv/static/images/utitlities.png

2021-07-10 19:40:47.092 [debug] Live reload: .elixir_ls/build/_test/lib/tanphat/priv/static/images/utitlities.png

2021-07-10 19:40:47.096 [debug] Live reload: .elixir_ls/build/_test/lib/tanphat/priv/static/images/vietnam.png

2021-07-10 19:40:47.097 [debug] Live reload: .elixir_ls/build/_test/lib/tanphat/priv/static/images/vietnam.png

2021-07-10 19:40:47.098 [debug] Live reload: .elixir_ls/build/_test/lib/tanphat/priv/static/images/vietnam.png

2021-07-10 19:40:47.104 [debug] Live reload: .elixir_ls/build/_test/lib/tanphat/priv/static/js/app.js

2021-07-10 19:40:47.106 [debug] Live reload: .elixir_ls/build/_test/lib/tanphat/priv/static/js/app.js

2021-07-10 19:40:47.205 [debug] Live reload: .elixir_ls/build/_test/lib/tanphat/priv/static/js/app.js

2021-07-10 19:40:48.255 [info]  GET /css/app.css

2021-07-10 19:40:48.256 [info]  Sent 200 in 0µs

2021-07-10 19:40:48.270 [info]  GET /css/app.css

2021-07-10 19:40:48.274 [info]  Sent 200 in 0µs

2021-07-10 19:40:48.418 [info]  GET /stock-exchange

2021-07-10 19:40:49.232 [info]  Sent 500 in 813ms

2021-07-10 19:40:49.921 [info]  GET /favicon.ico

2021-07-10 19:40:49.922 [info]  Sent 200 in 0µs

2021-07-10 19:42:51.175 [warn]  Phoenix is unable to create symlinks. Phoenix' code reloader will run considerably faster if symlinks are allowed. On Windows, the lack of symlinks may even cause empty assets to be served. Luckily, you can address this issue by starting your Windows terminal at least once with "Run as Administrator" and then running your Phoenix application.

2021-07-10 19:42:51.228 [info]  Running TanphatWeb.Endpoint with cowboy 2.9.0 at 0.0.0.0:8000 (http)

2021-07-10 19:42:51.228 [info]  Access TanphatWeb.Endpoint at http://localhost:8000

2021-07-10 19:42:51.399 [debug] [:nonode@nohost][Elixir.Quantum.JobBroadcaster] Loading Initial Jobs from Config

2021-07-10 19:42:57.598 [info]  GET /

2021-07-10 19:42:58.555 [info]  GET /

2021-07-10 19:42:58.588 [debug] Processing with Phoenix.LiveView.Plug.home_index/2
  Parameters: %{}
  Pipelines: [:browser]

2021-07-10 19:42:58.643 [info]  Sent 200 in 93ms

2021-07-10 19:42:58.643 [info]  Sent 200 in 1046ms

2021-07-10 19:42:58.712 [info]  GET /css/app.css

2021-07-10 19:42:58.713 [info]  Sent 200 in 0µs

2021-07-10 19:42:58.713 [info]  GET /js/app.js

2021-07-10 19:42:58.714 [info]  Sent 200 in 0µs

2021-07-10 19:42:58.983 [info]  GET /images/bitcoin_shortcut.png

2021-07-10 19:42:59.014 [info]  Sent 200 in 16ms

2021-07-10 19:42:59.445 [info]  GET /phoenix/live_reload/frame

2021-07-10 19:42:59.445 [info]  Sent 200 in 0µs

2021-07-10 19:43:00.382 [info]  CONNECTED TO Phoenix.LiveView.Socket in 0µs
  Transport: :websocket
  Serializer: Phoenix.Socket.V2.JSONSerializer
  Parameters: %{"_csrf_token" => "KzcLEyZDAR1oMj8tUx1qZVItGSVHfTEQlOIXAr6u8CGU5BR26b_WjHXu", "_mounts" => "0", "_track_static" => %{"0" => "http://localhost:8000/css/app.css", "1" => "http://localhost:8000/js/app.js"}, "vsn" => "2.0.0"}

2021-07-10 19:43:00.698 [info]  GET /images/home.png

2021-07-10 19:43:00.699 [info]  GET /images/vietnam.png

2021-07-10 19:43:00.700 [info]  Sent 200 in 0µs

2021-07-10 19:43:00.700 [info]  Sent 200 in 0µs

2021-07-10 19:43:00.710 [info]  GET /images/usa.png

2021-07-10 19:43:00.711 [info]  Sent 200 in 0µs

2021-07-10 19:43:00.827 [info]  GET /images/code.png

2021-07-10 19:43:00.832 [info]  GET /images/stock_exchange.png

2021-07-10 19:43:00.840 [info]  Sent 200 in 0µs

2021-07-10 19:43:00.840 [info]  Sent 200 in 16ms

2021-07-10 19:43:00.849 [info]  GET /images/api.png

2021-07-10 19:43:00.850 [info]  Sent 200 in 0µs

2021-07-10 19:43:01.157 [info]  GET /images/artical.png

2021-07-10 19:43:01.158 [info]  Sent 200 in 0µs

2021-07-10 19:43:01.185 [info]  GET /images/utitlities.png

2021-07-10 19:43:01.189 [info]  Sent 200 in 15ms

2021-07-10 19:43:01.191 [info]  GET /images/books.png

2021-07-10 19:43:01.192 [info]  Sent 200 in 0µs

2021-07-10 19:43:01.240 [info]  GET /images/me.png

2021-07-10 19:43:01.241 [info]  Sent 200 in 0µs

2021-07-10 19:43:03.132 [info]  GET /images/bitcoin_shortcut.png

2021-07-10 19:43:03.132 [info]  Sent 304 in 0µs

2021-07-10 19:44:30.850 [debug] QUERY OK source="topic" db=32.0ms queue=15.0ms idle=1938.0ms
SELECT count('*') FROM "topic" AS t0 WHERE (t0."topic_id" = $1) [3]

2021-07-10 19:44:30.915 [debug] QUERY OK source="topic" db=31.0ms queue=31.0ms idle=1985.0ms
SELECT t0."id", t0."title", t0."inner_html", t0."title_en", t0."inner_html_en", t0."url", t0."like", t0."dislike", t0."topic_id", t0."inserted_at", t0."updated_at" FROM "topic" AS t0 WHERE (t0."topic_id" = $1) ORDER BY t0."like" DESC, t0."updated_at" DESC LIMIT $2 OFFSET $3 [3, 3, 0]

2021-07-10 19:44:31.639 [debug] Data from Yahoo Finance: {"snp_gsci_crude_oil_price_24h_change":"+1.69","euro50_index_price":"92.99","snp_wci_price_24h_change":"+4.76","snp_gsci_gas_per_price":"273.03","snp_gsci_light_energy_price":"482.36","snp_gsci_precious_metals_rate_24h_change":"+0.62%","euro50_index_rate_24h_change":"+0.43%","nikkei255_index_price":"27,940.42","snp_gsci_enhanced_commodity_ind_price_24h_change":"+4.20","__meta__":{"state":"loaded","source":"global_and_commodity_index","schema":"Elixir.GlobalAndCommodityIndex","prefix":null,"context":null},"dj_commodity_index_tr_price":"339.87","snp_wci_rate_24h_change":"+1.66%","snp_gsci_gold_price":"1,808.60","dj_commodity_index_tr_price_24h_change":"+3.71","dji_index_price":"34,870.16","dj_commodity_index_price_24h_change":"+9.09","nikkei255_index_price_24h_change":"-177.61","snp_gsci_tr_price_24h_change":"+36.24","nikkei255_index_rate_24h_change":"-0.63%","nasdaq100_index_price":"14,826.09","nasdaq100_index_price_24h_change":"+103.96","inserted_at":"2021-07-10T04:24:32","dj_commodity_index_tr_rate_24h_change":"+1.10%","dji_index_price_24h_change":"+448.23","snp_gsci_industrial_metals_price_24h_change":"+9.71","snp_wci_price":"291.84","snp_gsci_gold_rate_24h_change":"+0.47%","dj_commodity_index_price":"887.05","snp_gsci_enhanced_commodity_ind_rate_24h_change":"+1.43%","euro50_index_price_24h_change":"+0.40","snp_gsci_agri_price":"439.95","snp500_index_price_24h_change":"+48.73","dji_index_rate_24h_change":"+1.30%","ftse100_index_rate_24h_change":"+1.30%","snp_gsci_gas_per_price_24h_change":"+8.03","id":2,"snp_gsci_agri_price_24h_change":"-1.30","snp500_index_price":"4,369.55","snp_gsci_industrial_metals_rate_24h_change":"+2.14%","snp_gsci_gold_price_24h_change":"+8.40","updated_at":"2021-07-10T04:24:32","dj_commodity_index_rate_24h_change":"+1.04%","nasdaq100_index_rate_24h_change":"+0.71%","snp_gsci_light_energy_price_24h_change":"+4.28","snp500_index_rate_24h_change":"+1.13%","snp_gsci_light_energy_rate_24h_change":"+0.89%","snp_gsci_tr_rate_24h_change":"+1.42%","snp_gsci_crude_oil_rate_24h_change":"+2.32%","snp_gsci_precious_metals_price":"223.34","ftse100_index_price":"7,121.88","snp_gsci_agri_rate_24h_change":"-0.30%","snp_gsci_gas_per_rate_24h_change":"+3.03%","snp_gsci_crude_oil_price":"74.63","ftse100_index_price_24h_change":"+91.22","snp_gsci_industrial_metals_price":"463.30","snp_gsci_precious_metals_price_24h_change":"+1.37","snp_gsci_enhanced_commodity_ind_price":"297.81","snp_gsci_tr_price":"2,583.98"}

2021-07-10 19:44:31.996 [info]  GET /images/topic.png

2021-07-10 19:44:31.997 [info]  Sent 200 in 0µs

2021-07-10 19:44:32.003 [info]  GET /images/thumb-up.png

2021-07-10 19:44:32.003 [info]  GET /images/thumb-down.png

2021-07-10 19:44:32.004 [info]  Sent 200 in 0µs

2021-07-10 19:44:32.004 [info]  Sent 200 in 0µs

2021-07-10 19:45:22.911 [debug] Live reload: .elixir_ls/build/_test/lib/tanphat/priv/static/css/app.css

2021-07-10 19:45:22.912 [debug] Live reload: .elixir_ls/build/_test/lib/tanphat/priv/static/css/app.css

2021-07-10 19:45:22.914 [debug] Live reload: .elixir_ls/build/_test/lib/tanphat/priv/static/css/app.css

2021-07-10 19:45:22.929 [debug] Live reload: .elixir_ls/build/_test/lib/tanphat/priv/static/images/api.png

2021-07-10 19:45:22.931 [debug] Live reload: .elixir_ls/build/_test/lib/tanphat/priv/static/images/api.png

2021-07-10 19:45:22.941 [debug] Live reload: .elixir_ls/build/_test/lib/tanphat/priv/static/images/api.png

2021-07-10 19:45:22.945 [debug] Live reload: .elixir_ls/build/_test/lib/tanphat/priv/static/images/artical.png

2021-07-10 19:45:22.946 [debug] Live reload: .elixir_ls/build/_test/lib/tanphat/priv/static/images/artical.png

2021-07-10 19:45:22.956 [debug] Live reload: .elixir_ls/build/_test/lib/tanphat/priv/static/images/artical.png

2021-07-10 19:45:22.960 [debug] Live reload: .elixir_ls/build/_test/lib/tanphat/priv/static/images/bitcoin.png

2021-07-10 19:45:22.961 [debug] Live reload: .elixir_ls/build/_test/lib/tanphat/priv/static/images/bitcoin.png

2021-07-10 19:45:22.973 [debug] Live reload: .elixir_ls/build/_test/lib/tanphat/priv/static/images/bitcoin.png

2021-07-10 19:45:22.981 [debug] Live reload: .elixir_ls/build/_test/lib/tanphat/priv/static/images/bitcoin_shortcut.png

2021-07-10 19:45:22.981 [debug] Live reload: .elixir_ls/build/_test/lib/tanphat/priv/static/images/bitcoin_shortcut.png

2021-07-10 19:45:22.994 [debug] Live reload: .elixir_ls/build/_test/lib/tanphat/priv/static/images/bitcoin_shortcut.png

2021-07-10 19:45:22.999 [debug] Live reload: .elixir_ls/build/_test/lib/tanphat/priv/static/images/books.png

2021-07-10 19:45:23.000 [debug] Live reload: .elixir_ls/build/_test/lib/tanphat/priv/static/images/books.png

2021-07-10 19:45:23.008 [debug] Live reload: .elixir_ls/build/_test/lib/tanphat/priv/static/images/books.png

2021-07-10 19:45:23.013 [debug] Live reload: .elixir_ls/build/_test/lib/tanphat/priv/static/images/code.png

2021-07-10 19:45:23.015 [debug] Live reload: .elixir_ls/build/_test/lib/tanphat/priv/static/images/code.png

2021-07-10 19:45:23.025 [debug] Live reload: .elixir_ls/build/_test/lib/tanphat/priv/static/images/code.png

2021-07-10 19:45:23.043 [debug] Live reload: .elixir_ls/build/_test/lib/tanphat/priv/static/images/home.png

2021-07-10 19:45:23.046 [debug] Live reload: .elixir_ls/build/_test/lib/tanphat/priv/static/images/home.png

2021-07-10 19:45:23.051 [debug] Live reload: .elixir_ls/build/_test/lib/tanphat/priv/static/images/home.png

2021-07-10 19:45:23.060 [debug] Live reload: .elixir_ls/build/_test/lib/tanphat/priv/static/images/me.png

2021-07-10 19:45:23.061 [debug] Live reload: .elixir_ls/build/_test/lib/tanphat/priv/static/images/me.png

2021-07-10 19:45:23.068 [debug] Live reload: .elixir_ls/build/_test/lib/tanphat/priv/static/images/me.png

2021-07-10 19:45:23.086 [debug] Live reload: .elixir_ls/build/_test/lib/tanphat/priv/static/images/stock_exchange.png

2021-07-10 19:45:23.090 [debug] Live reload: .elixir_ls/build/_test/lib/tanphat/priv/static/images/stock_exchange.png

2021-07-10 19:45:23.099 [debug] Live reload: .elixir_ls/build/_test/lib/tanphat/priv/static/images/stock_exchange.png

2021-07-10 19:45:23.107 [debug] Live reload: .elixir_ls/build/_test/lib/tanphat/priv/static/images/thumb-down.png

2021-07-10 19:45:23.108 [debug] Live reload: .elixir_ls/build/_test/lib/tanphat/priv/static/images/thumb-down.png

2021-07-10 19:45:23.115 [debug] Live reload: .elixir_ls/build/_test/lib/tanphat/priv/static/images/thumb-down.png

2021-07-10 19:45:23.119 [debug] Live reload: .elixir_ls/build/_test/lib/tanphat/priv/static/images/thumb-up.png

2021-07-10 19:45:23.123 [debug] Live reload: .elixir_ls/build/_test/lib/tanphat/priv/static/images/thumb-up.png

2021-07-10 19:45:23.129 [debug] Live reload: .elixir_ls/build/_test/lib/tanphat/priv/static/images/thumb-up.png

2021-07-10 19:45:23.134 [debug] Live reload: .elixir_ls/build/_test/lib/tanphat/priv/static/images/topic.png

2021-07-10 19:45:23.134 [debug] Live reload: .elixir_ls/build/_test/lib/tanphat/priv/static/images/topic.png

2021-07-10 19:45:23.139 [debug] Live reload: .elixir_ls/build/_test/lib/tanphat/priv/static/images/topic.png

2021-07-10 19:45:23.145 [debug] Live reload: .elixir_ls/build/_test/lib/tanphat/priv/static/images/usa.png

2021-07-10 19:45:23.145 [debug] Live reload: .elixir_ls/build/_test/lib/tanphat/priv/static/images/usa.png

2021-07-10 19:45:23.152 [debug] Live reload: .elixir_ls/build/_test/lib/tanphat/priv/static/images/usa.png

2021-07-10 19:45:23.157 [debug] Live reload: .elixir_ls/build/_test/lib/tanphat/priv/static/images/utitlities.png

2021-07-10 19:45:23.158 [debug] Live reload: .elixir_ls/build/_test/lib/tanphat/priv/static/images/utitlities.png

2021-07-10 19:45:23.166 [debug] Live reload: .elixir_ls/build/_test/lib/tanphat/priv/static/images/utitlities.png

2021-07-10 19:45:23.169 [debug] Live reload: .elixir_ls/build/_test/lib/tanphat/priv/static/images/vietnam.png

2021-07-10 19:45:23.174 [debug] Live reload: .elixir_ls/build/_test/lib/tanphat/priv/static/images/vietnam.png

2021-07-10 19:45:23.176 [debug] Live reload: .elixir_ls/build/_test/lib/tanphat/priv/static/images/vietnam.png

2021-07-10 19:45:23.183 [debug] Live reload: .elixir_ls/build/_test/lib/tanphat/priv/static/js/app.js

2021-07-10 19:45:23.184 [debug] Live reload: .elixir_ls/build/_test/lib/tanphat/priv/static/js/app.js

2021-07-10 19:45:23.288 [debug] Live reload: .elixir_ls/build/_test/lib/tanphat/priv/static/js/app.js

2021-07-10 19:45:23.912 [info]  GET /css/app.css

2021-07-10 19:45:23.912 [info]  Sent 200 in 0µs

2021-07-10 19:45:23.952 [info]  GET /css/app.css

2021-07-10 19:45:23.953 [info]  Sent 200 in 0µs

2021-07-10 19:45:24.010 [info]  GET /stock-exchange

2021-07-10 19:45:24.079 [info]  Sent 500 in 78ms

2021-07-10 19:45:41.735 [warn]  Phoenix is unable to create symlinks. Phoenix' code reloader will run considerably faster if symlinks are allowed. On Windows, the lack of symlinks may even cause empty assets to be served. Luckily, you can address this issue by starting your Windows terminal at least once with "Run as Administrator" and then running your Phoenix application.

2021-07-10 19:45:41.812 [info]  Running TanphatWeb.Endpoint with cowboy 2.9.0 at 0.0.0.0:8000 (http)

2021-07-10 19:45:41.812 [info]  Access TanphatWeb.Endpoint at http://localhost:8000

2021-07-10 19:45:42.059 [debug] [:nonode@nohost][Elixir.Quantum.JobBroadcaster] Loading Initial Jobs from Config

2021-07-10 19:45:42.253 [info]  GET /stock-exchange

2021-07-10 19:45:43.094 [info]  GET /stock-exchange

2021-07-10 19:45:43.158 [debug] Processing with Phoenix.LiveView.Plug.stock_exchange/2
  Parameters: %{}
  Pipelines: [:browser]

2021-07-10 19:45:43.305 [debug] QUERY OK source="topic" db=32.0ms queue=31.0ms idle=1297.0ms
SELECT count('*') FROM "topic" AS t0 WHERE (t0."topic_id" = $1) [3]

2021-07-10 19:45:43.450 [debug] QUERY OK source="topic" db=78.0ms queue=47.0ms idle=1375.0ms
SELECT t0."id", t0."title", t0."inner_html", t0."title_en", t0."inner_html_en", t0."url", t0."like", t0."dislike", t0."topic_id", t0."inserted_at", t0."updated_at" FROM "topic" AS t0 WHERE (t0."topic_id" = $1) ORDER BY t0."like" DESC, t0."updated_at" DESC LIMIT $2 OFFSET $3 [3, 3, 0]

2021-07-10 19:45:44.195 [debug] Data from Yahoo Finance: {"snp_gsci_crude_oil_price_24h_change":"+1.69","euro50_index_price":"92.99","snp_wci_price_24h_change":"+4.76","snp_gsci_gas_per_price":"273.03","snp_gsci_light_energy_price":"482.36","snp_gsci_precious_metals_rate_24h_change":"+0.62%","euro50_index_rate_24h_change":"+0.43%","nikkei255_index_price":"27,940.42","snp_gsci_enhanced_commodity_ind_price_24h_change":"+4.20","__meta__":{"state":"loaded","source":"global_and_commodity_index","schema":"Elixir.GlobalAndCommodityIndex","prefix":null,"context":null},"dj_commodity_index_tr_price":"339.87","snp_wci_rate_24h_change":"+1.66%","snp_gsci_gold_price":"1,808.60","dj_commodity_index_tr_price_24h_change":"+3.71","dji_index_price":"34,870.16","dj_commodity_index_price_24h_change":"+9.09","nikkei255_index_price_24h_change":"-177.61","snp_gsci_tr_price_24h_change":"+36.24","nikkei255_index_rate_24h_change":"-0.63%","nasdaq100_index_price":"14,826.09","nasdaq100_index_price_24h_change":"+103.96","inserted_at":"2021-07-10T04:24:32","dj_commodity_index_tr_rate_24h_change":"+1.10%","dji_index_price_24h_change":"+448.23","snp_gsci_industrial_metals_price_24h_change":"+9.71","snp_wci_price":"291.84","snp_gsci_gold_rate_24h_change":"+0.47%","dj_commodity_index_price":"887.05","snp_gsci_enhanced_commodity_ind_rate_24h_change":"+1.43%","euro50_index_price_24h_change":"+0.40","snp_gsci_agri_price":"439.95","snp500_index_price_24h_change":"+48.73","dji_index_rate_24h_change":"+1.30%","ftse100_index_rate_24h_change":"+1.30%","snp_gsci_gas_per_price_24h_change":"+8.03","id":2,"snp_gsci_agri_price_24h_change":"-1.30","snp500_index_price":"4,369.55","snp_gsci_industrial_metals_rate_24h_change":"+2.14%","snp_gsci_gold_price_24h_change":"+8.40","updated_at":"2021-07-10T04:24:32","dj_commodity_index_rate_24h_change":"+1.04%","nasdaq100_index_rate_24h_change":"+0.71%","snp_gsci_light_energy_price_24h_change":"+4.28","snp500_index_rate_24h_change":"+1.13%","snp_gsci_light_energy_rate_24h_change":"+0.89%","snp_gsci_tr_rate_24h_change":"+1.42%","snp_gsci_crude_oil_rate_24h_change":"+2.32%","snp_gsci_precious_metals_price":"223.34","ftse100_index_price":"7,121.88","snp_gsci_agri_rate_24h_change":"-0.30%","snp_gsci_gas_per_rate_24h_change":"+3.03%","snp_gsci_crude_oil_price":"74.63","ftse100_index_price_24h_change":"+91.22","snp_gsci_industrial_metals_price":"463.30","snp_gsci_precious_metals_price_24h_change":"+1.37","snp_gsci_enhanced_commodity_ind_price":"297.81","snp_gsci_tr_price":"2,583.98"}

2021-07-10 19:45:44.248 [info]  Sent 200 in 1140ms

2021-07-10 19:45:44.248 [info]  Sent 200 in 1984ms

2021-07-10 19:45:44.541 [info]  GET /css/app.css

2021-07-10 19:45:44.542 [info]  Sent 304 in 0µs

2021-07-10 19:45:44.563 [info]  GET /js/app.js

2021-07-10 19:45:44.564 [info]  Sent 304 in 0µs

2021-07-10 19:45:44.840 [info]  GET /images/bitcoin_shortcut.png

2021-07-10 19:45:44.840 [info]  Sent 304 in 0µs

2021-07-10 19:45:44.945 [info]  GET /phoenix/live_reload/frame

2021-07-10 19:45:44.945 [info]  Sent 200 in 0µs

2021-07-10 19:51:09.779 [warn]  Phoenix is unable to create symlinks. Phoenix' code reloader will run considerably faster if symlinks are allowed. On Windows, the lack of symlinks may even cause empty assets to be served. Luckily, you can address this issue by starting your Windows terminal at least once with "Run as Administrator" and then running your Phoenix application.

2021-07-10 19:51:09.833 [info]  Running TanphatWeb.Endpoint with cowboy 2.9.0 at 0.0.0.0:8000 (http)

2021-07-10 19:51:09.833 [info]  Access TanphatWeb.Endpoint at http://localhost:8000

2021-07-10 19:51:10.012 [debug] [:nonode@nohost][Elixir.Quantum.JobBroadcaster] Loading Initial Jobs from Config

2021-07-10 19:51:16.464 [info]  GET /

2021-07-10 19:51:17.501 [info]  GET /

2021-07-10 19:51:17.530 [debug] Processing with Phoenix.LiveView.Plug.home_index/2
  Parameters: %{}
  Pipelines: [:browser]

2021-07-10 19:51:17.586 [info]  Sent 200 in 78ms

2021-07-10 19:51:17.586 [info]  Sent 200 in 1125ms

2021-07-10 19:51:17.633 [info]  GET /css/app.css

2021-07-10 19:51:17.634 [info]  GET /js/app.js

2021-07-10 19:51:17.635 [info]  Sent 200 in 0µs

2021-07-10 19:51:17.635 [info]  Sent 200 in 0µs

2021-07-10 19:51:17.823 [info]  GET /images/bitcoin_shortcut.png

2021-07-10 19:51:17.824 [info]  Sent 200 in 0µs

2021-07-10 19:51:18.024 [info]  GET /phoenix/live_reload/frame

2021-07-10 19:51:18.024 [info]  Sent 200 in 0µs

2021-07-10 19:51:18.587 [info]  CONNECTED TO Phoenix.LiveView.Socket in 0µs
  Transport: :websocket
  Serializer: Phoenix.Socket.V2.JSONSerializer
  Parameters: %{"_csrf_token" => "KBQqL1B6TxopIQoLUhVrNi94Mh9pdF0Eolhd7KxryPrs4JSaK7tmDA4a", "_mounts" => "0", "_track_static" => %{"0" => "http://localhost:8000/css/app.css", "1" => "http://localhost:8000/js/app.js"}, "vsn" => "2.0.0"}

2021-07-10 19:51:18.730 [info]  GET /images/vietnam.png

2021-07-10 19:51:18.730 [info]  GET /images/home.png

2021-07-10 19:51:18.733 [info]  Sent 200 in 0µs

2021-07-10 19:51:18.733 [info]  Sent 200 in 0µs

2021-07-10 19:51:18.743 [info]  GET /images/usa.png

2021-07-10 19:51:18.744 [info]  Sent 200 in 0µs

2021-07-10 19:51:18.764 [info]  GET /images/code.png

2021-07-10 19:51:18.767 [info]  Sent 200 in 15ms

2021-07-10 19:51:18.768 [info]  GET /images/stock_exchange.png

2021-07-10 19:51:18.769 [info]  Sent 200 in 0µs

2021-07-10 19:51:18.832 [info]  GET /images/api.png

2021-07-10 19:51:18.833 [info]  Sent 200 in 0µs

2021-07-10 19:51:18.852 [info]  GET /images/artical.png

2021-07-10 19:51:18.853 [info]  Sent 200 in 0µs

2021-07-10 19:51:18.882 [info]  GET /images/utitlities.png

2021-07-10 19:51:18.884 [info]  Sent 200 in 0µs

2021-07-10 19:51:18.959 [info]  GET /images/books.png

2021-07-10 19:51:18.974 [info]  Sent 200 in 16ms

2021-07-10 19:51:18.986 [info]  GET /images/me.png

2021-07-10 19:51:18.986 [info]  Sent 200 in 0µs

2021-07-10 19:51:19.871 [info]  GET /images/bitcoin_shortcut.png

2021-07-10 19:51:19.876 [info]  Sent 304 in 16ms
